#
# A fatal error has been detected by the Java Runtime Environment:
#
#  EXCEPTION_INT_DIVIDE_BY_ZERO (0xc0000094) at pc=0x00007ffa25dd02d3, pid=15856, tid=0x0000000000004e08
#
# JRE version: Java(TM) SE Runtime Environment (8.0_101-b13) (build 1.8.0_101-b13)
# Java VM: Java HotSpot(TM) 64-Bit Server VM (25.101-b13 mixed mode windows-amd64 compressed oops)
# Problematic frame:
# C  [Template64.dll+0x402d3]  AGK::agk::PlatformUpdateTime+0x43
#
# Failed to write core dump. Minidumps are not enabled by default on client versions of Windows
#
# If you would like to submit a bug report, please visit:
#   http://bugreport.java.com/bugreport/crash.jsp
# The crash happened outside the Java Virtual Machine in native code.
# See problematic frame for where to report the bug.
#

---------------  T H R E A D  ---------------

Current thread (0x0000000002e82800):  JavaThread "main" [_thread_in_native, id=19976, stack(0x0000000002d80000,0x0000000002e80000)]

siginfo: ExceptionCode=0xc0000094

Registers:
RAX=0x0007a1614b968188, RBX=0x000000002547cbd0, RCX=0x0000000000000000, RDX=0x0000000000000000
RSP=0x0000000002e7ea40, RBP=0x0000000002e7ec70, RSI=0x000000000000000f, RDI=0x0000000002e7ec00
R8 =0x0000000000000081, R9 =0xfffffff928277c7a, R10=0x0000000002f97f28, R11=0x000000006424b4a0
R12=0x0000000000000000, R13=0x000000002547cbd0, R14=0x0000000002e7ec88, R15=0x0000000002e82800
RIP=0x00007ffa25dd02d3, EFLAGS=0x0000000000010206

Top of Stack: (sp=0x0000000002e7ea40)
0x0000000002e7ea40:   000000002547cbd0 000000000156e430
0x0000000002e7ea50:   0000000002e7ec01 0000000002e7ebe0
0x0000000002e7ea60:   0000000002e82800 00007ffa25e43653
0x0000000002e7ea70:   000000002547cbd0 0000000002e82800
0x0000000002e7ea80:   000000002547cbd0 0000000002e82800
0x0000000002e7ea90:   00000000254c5fe0 0000000064106036
0x0000000002e7eaa0:   000000000156e818 000000000156e440
0x0000000002e7eab0:   000000000156dcb0 00000000641fb221
0x0000000002e7eac0:   000000000156e430 0000000002e7ebe0
0x0000000002e7ead0:   0000000002e7eb50 000000000156e430
0x0000000002e7eae0:   0000000025a6d560 0000000002e82800
0x0000000002e7eaf0:   000000002547cbd0 0000000002e82800
0x0000000002e7eb00:   0000000002e82800 0000000002e7ec88
0x0000000002e7eb10:   000000002547cbd0 0000000000000000
0x0000000002e7eb20:   0000000002e7ebe0 00000000641fb407
0x0000000002e7eb30:   000000000000000f 00007ffa25e45196 

Instructions: (pc=0x00007ffa25dd02d3)
0x00007ffa25dd02b3:   57 c0 48 2b 05 04 38 92 00 f2 48 0f 2a c1 f2 48
0x00007ffa25dd02c3:   0f 2a c8 48 69 c0 e8 03 00 00 f2 0f 5e c8 48 99
0x00007ffa25dd02d3:   48 f7 f9 f2 0f 11 0d ea 3e 92 00 89 05 fc 3e 92
0x00007ffa25dd02e3:   00 48 83 c4 28 c3 cc cc cc cc cc cc cc 40 53 48 


Register to memory mapping:

RAX=0x0007a1614b968188 is an unknown value
RBX={method} {0x000000002547cbd8} 'Sync' '()V' in 'com/thegamecreator/agk/AGKLib'
RCX=0x0000000000000000 is an unknown value
RDX=0x0000000000000000 is an unknown value
RSP=0x0000000002e7ea40 is pointing into the stack for thread: 0x0000000002e82800
RBP=0x0000000002e7ec70 is pointing into the stack for thread: 0x0000000002e82800
RSI=0x000000000000000f is an unknown value
RDI=0x0000000002e7ec00 is pointing into the stack for thread: 0x0000000002e82800
R8 =0x0000000000000081 is an unknown value
R9 =0xfffffff928277c7a is an unknown value
R10=0x0000000002f97f28 is at code_begin+840 in an Interpreter codelet
method entry point (kind = native)  [0x0000000002f97be0, 0x0000000002f98540]  2400 bytes
R11=0x000000006424b4a0 is an unknown value
R12=0x0000000000000000 is an unknown value
R13={method} {0x000000002547cbd8} 'Sync' '()V' in 'com/thegamecreator/agk/AGKLib'
R14=0x0000000002e7ec88 is pointing into the stack for thread: 0x0000000002e82800
R15=0x0000000002e82800 is a thread


Stack: [0x0000000002d80000,0x0000000002e80000],  sp=0x0000000002e7ea40,  free space=1018k
Native frames: (J=compiled Java code, j=interpreted, Vv=VM code, C=native code)
C  [Template64.dll+0x402d3]  AGK::agk::PlatformUpdateTime+0x43
C  [Template64.dll+0xb3653]  AGK::agk::StepPhysics+0x13
C  [Template64.dll+0xb5196]  AGK::agk::Update2D+0x36
C  [Template64.dll+0xb47d6]  AGK::agk::Sync+0x16
C  [Template64.dll+0x5c28]  Java_com_thegamecreator_agk_AGKLib_Sync+0x28
C  0x0000000002f97f54

Java frames: (J=compiled Java code, j=interpreted, Vv=VM code)
j  com.thegamecreator.agk.AGKLib.Sync()V+0
j  agkjtest.AGKJTest$1.loop()V+24
v  ~StubRoutines::call_stub
j  com.thegamecreator.agk.AGKLib.Begin(Lcom/thegamecreator/agk/AGKEntry;)V+0
j  agkjtest.AGKJTest.main([Ljava/lang/String;)V+12
v  ~StubRoutines::call_stub

---------------  P R O C E S S  ---------------

Java Threads: ( => current thread )
  0x0000000027380800 JavaThread "Service Thread" daemon [_thread_blocked, id=20808, stack(0x0000000027750000,0x0000000027850000)]
  0x0000000025a18800 JavaThread "C1 CompilerThread2" daemon [_thread_blocked, id=17384, stack(0x0000000027250000,0x0000000027350000)]
  0x0000000025a16000 JavaThread "C2 CompilerThread1" daemon [_thread_blocked, id=18192, stack(0x0000000027150000,0x0000000027250000)]
  0x0000000025a11800 JavaThread "C2 CompilerThread0" daemon [_thread_blocked, id=18584, stack(0x0000000027050000,0x0000000027150000)]
  0x0000000025a0f000 JavaThread "Attach Listener" daemon [_thread_blocked, id=16968, stack(0x0000000026f50000,0x0000000027050000)]
  0x0000000025a0e000 JavaThread "Signal Dispatcher" daemon [_thread_blocked, id=15508, stack(0x0000000026e50000,0x0000000026f50000)]
  0x0000000025a00000 JavaThread "Finalizer" daemon [_thread_blocked, id=19928, stack(0x0000000026c60000,0x0000000026d60000)]
  0x0000000002f75800 JavaThread "Reference Handler" daemon [_thread_blocked, id=19664, stack(0x0000000026b60000,0x0000000026c60000)]
=>0x0000000002e82800 JavaThread "main" [_thread_in_native, id=19976, stack(0x0000000002d80000,0x0000000002e80000)]

Other Threads:
  0x00000000259d6800 VMThread [stack: 0x0000000026a60000,0x0000000026b60000] [id=20484]
  0x00000000273a9000 WatcherThread [stack: 0x0000000027850000,0x0000000027950000] [id=20192]

VM state:not at safepoint (normal execution)

VM Mutex/Monitor currently owned by a thread: None

Heap:
 PSYoungGen      total 152576K, used 5242K [0x0000000716a00000, 0x0000000721400000, 0x00000007c0000000)
  eden space 131072K, 4% used [0x0000000716a00000,0x0000000716f1eba8,0x000000071ea00000)
  from space 21504K, 0% used [0x000000071ff00000,0x000000071ff00000,0x0000000721400000)
  to   space 21504K, 0% used [0x000000071ea00000,0x000000071ea00000,0x000000071ff00000)
 ParOldGen       total 348160K, used 0K [0x00000005c3e00000, 0x00000005d9200000, 0x0000000716a00000)
  object space 348160K, 0% used [0x00000005c3e00000,0x00000005c3e00000,0x00000005d9200000)
 Metaspace       used 2973K, capacity 4876K, committed 5120K, reserved 1056768K
  class space    used 288K, capacity 388K, committed 512K, reserved 1048576K

Card table byte_map: [0x0000000012340000,0x0000000013330000] byte_map_base: 0x000000000f521000

Marking Bits: (ParMarkBitMap*) 0x000000006483a6d0
 Begin Bits: [0x00000000141d0000, 0x000000001c0d8000)
 End Bits:   [0x000000001c0d8000, 0x0000000023fe0000)

Polling page: 0x00000000014b0000

CodeCache: size=245760Kb used=1141Kb max_used=1141Kb free=244618Kb
 bounds [0x0000000002f80000, 0x00000000031f0000, 0x0000000011f80000]
 total_blobs=327 nmethods=29 adapters=212
 compilation: enabled

Compilation events (10 events):
Event: 0.053 Thread 0x0000000025a18800 nmethod 25 0x0000000003091e90 code [0x0000000003092020, 0x0000000003092528]
Event: 0.053 Thread 0x0000000025a18800   26       3       java.lang.String::equals (81 bytes)
Event: 0.053 Thread 0x0000000025a18800 nmethod 26 0x0000000003092710 code [0x00000000030928a0, 0x0000000003092df0]
Event: 0.053 Thread 0x0000000025a16000 nmethod 24 0x0000000003095c90 code [0x0000000003095de0, 0x0000000003095eb8]
Event: 0.056 Thread 0x0000000025a18800   27       3       java.lang.StringBuilder::append (8 bytes)
Event: 0.056 Thread 0x0000000025a18800 nmethod 27 0x0000000003095110 code [0x0000000003095280, 0x0000000003095408]
Event: 0.261 Thread 0x0000000025a18800   28       3       java.lang.String::indexOf (166 bytes)
Event: 0.262 Thread 0x0000000025a18800 nmethod 28 0x0000000003094550 code [0x0000000003094700, 0x0000000003094d50]
Event: 0.264 Thread 0x0000000025a18800   29       3       java.lang.String::startsWith (72 bytes)
Event: 0.264 Thread 0x0000000025a18800 nmethod 29 0x000000000309cc50 code [0x000000000309cdc0, 0x000000000309d0f0]

GC Heap History (0 events):
No events

Deoptimization events (0 events):
No events

Internal exceptions (2 events):
Event: 0.022 Thread 0x0000000002e82800 Exception <a 'java/lang/NoSuchMethodError': Method sun.misc.Unsafe.defineClass(Ljava/lang/String;[BII)Ljava/lang/Class; name or signature does not match> (0x0000000716a07cc0) thrown at [C:\re\workspace\8-2-build-windows-amd64-cygwin\jdk8u101\7261\hotspot\s’m∆i*ñ?
Event: 0.022 Thread 0x0000000002e82800 Exception <a 'java/lang/NoSuchMethodError': Method sun.misc.Unsafe.prefetchRead(Ljava/lang/Object;J)V name or signature does not match> (0x0000000716a07fa8) thrown at [C:\re\workspace\8-2-build-windows-amd64-cygwin\jdk8u101\7261\hotspot\src\share\vm\prims\

Events (10 events):
Event: 1.606 loading class sun/misc/FloatingDecimal$BinaryToASCIIConverter done
Event: 1.606 loading class sun/misc/FloatingDecimal$ExceptionalBinaryToASCIIBuffer done
Event: 1.606 loading class sun/misc/FloatingDecimal$BinaryToASCIIBuffer
Event: 1.606 loading class sun/misc/FloatingDecimal$BinaryToASCIIBuffer done
Event: 1.606 loading class sun/misc/FloatingDecimal$1
Event: 1.606 loading class sun/misc/FloatingDecimal$1 done
Event: 1.606 loading class sun/misc/FloatingDecimal$PreparedASCIIToBinaryBuffer
Event: 1.606 loading class sun/misc/FloatingDecimal$ASCIIToBinaryConverter
Event: 1.606 loading class sun/misc/FloatingDecimal$ASCIIToBinaryConverter done
Event: 1.606 loading class sun/misc/FloatingDecimal$PreparedASCIIToBinaryBuffer done


Dynamic libraries:
0x00007ff69ff00000 - 0x00007ff69ff37000 	C:\Program Files\Java\jdk1.8.0_101\bin\java.exe
0x00007ffa59e70000 - 0x00007ffa5a051000 	C:\WINDOWS\SYSTEM32\ntdll.dll
0x00007ffa59d80000 - 0x00007ffa59e32000 	C:\WINDOWS\System32\KERNEL32.DLL
0x00007ffa56ec0000 - 0x00007ffa57133000 	C:\WINDOWS\System32\KERNELBASE.dll
0x00007ffa59790000 - 0x00007ffa59831000 	C:\WINDOWS\System32\ADVAPI32.dll
0x00007ffa58ff0000 - 0x00007ffa5908e000 	C:\WINDOWS\System32\msvcrt.dll
0x00007ffa59840000 - 0x00007ffa5989b000 	C:\WINDOWS\System32\sechost.dll
0x00007ffa57300000 - 0x00007ffa57424000 	C:\WINDOWS\System32\RPCRT4.dll
0x00007ffa59600000 - 0x00007ffa59790000 	C:\WINDOWS\System32\USER32.dll
0x00007ffa572e0000 - 0x00007ffa57300000 	C:\WINDOWS\System32\win32u.dll
0x00007ffa59090000 - 0x00007ffa590b8000 	C:\WINDOWS\System32\GDI32.dll
0x00007ffa57140000 - 0x00007ffa572d2000 	C:\WINDOWS\System32\gdi32full.dll
0x00007ffa56e20000 - 0x00007ffa56ebf000 	C:\WINDOWS\System32\msvcp_win.dll
0x00007ffa56b30000 - 0x00007ffa56c2a000 	C:\WINDOWS\System32\ucrtbase.dll
0x00007ffa491c0000 - 0x00007ffa49429000 	C:\WINDOWS\WinSxS\amd64_microsoft.windows.common-controls_6595b64144ccf1df_6.0.17134.112_none_fb3f961b30681c12\COMCTL32.dll
0x00007ffa59270000 - 0x00007ffa59593000 	C:\WINDOWS\System32\combase.dll
0x00007ffa569a0000 - 0x00007ffa56a1a000 	C:\WINDOWS\System32\bcryptPrimitives.dll
0x00007ffa591e0000 - 0x00007ffa5920d000 	C:\WINDOWS\System32\IMM32.DLL
0x0000000068810000 - 0x00000000688e2000 	C:\Program Files\Java\jdk1.8.0_101\jre\bin\msvcr100.dll
0x0000000064020000 - 0x00000000648ba000 	C:\Program Files\Java\jdk1.8.0_101\jre\bin\server\jvm.dll
0x00007ffa58da0000 - 0x00007ffa58da8000 	C:\WINDOWS\System32\PSAPI.DLL
0x00007ffa45300000 - 0x00007ffa45309000 	C:\WINDOWS\SYSTEM32\WSOCK32.dll
0x00007ffa4dac0000 - 0x00007ffa4dae3000 	C:\WINDOWS\SYSTEM32\WINMM.dll
0x00007ffa55420000 - 0x00007ffa5542a000 	C:\WINDOWS\SYSTEM32\VERSION.dll
0x00007ffa59d10000 - 0x00007ffa59d7c000 	C:\WINDOWS\System32\WS2_32.dll
0x00007ffa4da90000 - 0x00007ffa4daba000 	C:\WINDOWS\SYSTEM32\WINMMBASE.dll
0x00007ffa56950000 - 0x00007ffa56999000 	C:\WINDOWS\System32\cfgmgr32.dll
0x000000006a350000 - 0x000000006a35f000 	C:\Program Files\Java\jdk1.8.0_101\jre\bin\verify.dll
0x0000000063fb0000 - 0x0000000063fd9000 	C:\Program Files\Java\jdk1.8.0_101\jre\bin\java.dll
0x0000000063f90000 - 0x0000000063fa6000 	C:\Program Files\Java\jdk1.8.0_101\jre\bin\zip.dll
0x00007ffa577a0000 - 0x00007ffa58be0000 	C:\WINDOWS\System32\SHELL32.dll
0x00007ffa58f30000 - 0x00007ffa58fd9000 	C:\WINDOWS\System32\shcore.dll
0x00007ffa56240000 - 0x00007ffa5694d000 	C:\WINDOWS\System32\windows.storage.dll
0x00007ffa59210000 - 0x00007ffa59261000 	C:\WINDOWS\System32\shlwapi.dll
0x00007ffa56180000 - 0x00007ffa56191000 	C:\WINDOWS\System32\kernel.appcore.dll
0x00007ffa56210000 - 0x00007ffa5622f000 	C:\WINDOWS\System32\profapi.dll
0x00007ffa561a0000 - 0x00007ffa561ec000 	C:\WINDOWS\System32\powrprof.dll
0x00007ffa56230000 - 0x00007ffa5623a000 	C:\WINDOWS\System32\FLTLIB.DLL
0x00007ffa25d90000 - 0x00007ffa26753000 	C:\Program Files (x86)\Steam\steamapps\common\App Game Kit 2\Tier 2\apps\AGK_Java\Final\Template64.dll
0x00007ffa58be0000 - 0x00007ffa58ccd000 	C:\WINDOWS\System32\COMDLG32.dll
0x00007ffa575d0000 - 0x00007ffa57721000 	C:\WINDOWS\System32\ole32.dll
0x00007ffa2dda0000 - 0x00007ffa2df7c000 	C:\WINDOWS\SYSTEM32\MFPlat.DLL
0x00007ffa3b450000 - 0x00007ffa3b4cb000 	C:\WINDOWS\SYSTEM32\MF.dll
0x00007ffa58cd0000 - 0x00007ffa58d92000 	C:\WINDOWS\System32\OLEAUT32.dll
0x00007ffa45040000 - 0x00007ffa45083000 	C:\WINDOWS\SYSTEM32\DINPUT8.dll
0x00007ffa47970000 - 0x00007ffa47cc0000 	C:\WINDOWS\SYSTEM32\WININET.dll
0x00007ffa4e710000 - 0x00007ffa4e717000 	C:\WINDOWS\SYSTEM32\XINPUT9_1_0.dll
0x00007ffa39640000 - 0x00007ffa39760000 	C:\WINDOWS\SYSTEM32\OPENGL32.dll
0x00007ffa3b110000 - 0x00007ffa3b13c000 	C:\WINDOWS\SYSTEM32\GLU32.dll
0x00007ffa1dc60000 - 0x00007ffa1e08e000 	C:\WINDOWS\SYSTEM32\MFCORE.DLL
0x00007ffa56c30000 - 0x00007ffa56e12000 	C:\WINDOWS\System32\CRYPT32.dll
0x00007ffa561f0000 - 0x00007ffa56202000 	C:\WINDOWS\System32\MSASN1.dll
0x00007ffa37e80000 - 0x00007ffa37e89000 	C:\WINDOWS\SYSTEM32\ksuser.dll
0x00007ffa55ce0000 - 0x00007ffa55d05000 	C:\WINDOWS\SYSTEM32\bcrypt.dll
0x00007ffa55bd0000 - 0x00007ffa55bdb000 	C:\WINDOWS\SYSTEM32\CRYPTBASE.DLL
0x00007ffa3b420000 - 0x00007ffa3b44e000 	C:\WINDOWS\SYSTEM32\RTWorkQ.DLL
0x00007ffa4c2e0000 - 0x00007ffa4c359000 	C:\WINDOWS\SYSTEM32\inputhost.dll
0x00007ffa51030000 - 0x00007ffa5117d000 	C:\WINDOWS\SYSTEM32\wintypes.dll
0x00007ffa52e00000 - 0x00007ffa52eda000 	C:\WINDOWS\SYSTEM32\CoreMessaging.dll
0x00007ffa4cfc0000 - 0x00007ffa4d2de000 	C:\WINDOWS\SYSTEM32\CoreUIComponents.dll
0x00007ffa55170000 - 0x00007ffa551a1000 	C:\WINDOWS\SYSTEM32\ntmarta.dll
0x00007ffa54180000 - 0x00007ffa54218000 	C:\WINDOWS\system32\uxtheme.dll
0x00007ffa58db0000 - 0x00007ffa58f25000 	C:\WINDOWS\System32\MSCTF.dll
0x00007ffa54540000 - 0x00007ffa54569000 	C:\WINDOWS\system32\dwmapi.dll
0x00007ffa4c240000 - 0x00007ffa4c2d8000 	C:\WINDOWS\System32\TextInputFramework.dll
0x00007ffa50680000 - 0x00007ffa50849000 	C:\WINDOWS\SYSTEM32\dbghelp.dll

VM Arguments:
jvm_args: -Dfile.encoding=UTF-8 
java_command: agkjtest.AGKJTest
java_class_path (initial): C:\Users\Sean\Documents\NetBeansProjects\AGKJTest\build\classes
Launcher Type: SUN_STANDARD

Environment Variables:
JAVA_HOME=C:\Program Files\Java\jdk1.8.0_101
USERNAME=Sean
OS=Windows_NT
PROCESSOR_IDENTIFIER=Intel64 Family 6 Model 60 Stepping 3, GenuineIntel



---------------  S Y S T E M  ---------------

OS: Windows 10.0 , 64 bit Build 17134 (10.0.17134.1)

CPU:total 4 (4 cores per cpu, 1 threads per core) family 6 model 60 stepping 3, cmov, cx8, fxsr, mmx, sse, sse2, sse3, ssse3, sse4.1, sse4.2, popcnt, avx, avx2, aes, clmul, erms, lzcnt, tsc, tscinvbit, bmi1, bmi2

Memory: 4k page, physical 33299656k(21177688k free), swap 38280392k(19539744k free)

vm_info: Java HotSpot(TM) 64-Bit Server VM (25.101-b13) for windows-amd64 JRE (1.8.0_101-b13), built on Jun 22 2016 01:21:29 by "java_re" with MS VC++ 10.0 (VS2010)

time: Wed Jun 20 01:05:53 2018
elapsed time: 1 seconds (0d 0h 0m 1s)

